2026-05-19 22:07:35 - __main__ - INFO - ======================================================================
2026-05-19 22:07:35 - __main__ - INFO - Starting Speech-to-Text Transcriber v2.0.0
2026-05-19 22:07:35 - __main__ - INFO - Python 3.11.0
2026-05-19 22:07:35 - __main__ - INFO - Platform: win32
2026-05-19 22:07:35 - __main__ - INFO - ======================================================================
2026-05-19 22:07:35 - __main__ - INFO - Checking dependencies...
2026-05-19 22:07:35 - __main__ - DEBUG - Required packages: {'PyQt5': 'PyQt5', 'tqdm': 'tqdm'}
2026-05-19 22:07:35 - speech_to_text.core.dependencies - INFO - Checking 2 required packages...
2026-05-19 22:07:35 - speech_to_text.core.dependencies - DEBUG - ✓ Package available: PyQt5
2026-05-19 22:07:35 - speech_to_text.core.dependencies - DEBUG - ✓ Package available: tqdm
2026-05-19 22:07:35 - speech_to_text.core.dependencies - INFO - All required packages are available
2026-05-19 22:07:35 - __main__ - INFO - ✓ All dependencies available
2026-05-19 22:07:35 - __main__ - INFO - Initializing GUI...
2026-05-19 22:07:35 - __main__ - DEBUG - PyQt5 imports successful
2026-05-19 22:07:35 - __main__ - DEBUG - Creating QApplication...
2026-05-19 22:07:35 - __main__ - DEBUG - QApplication created successfully
2026-05-19 22:07:35 - __main__ - DEBUG - Creating MainWindow...
2026-05-19 22:07:35 - speech_to_text.gui.main_window - INFO - Initializing MainWindow...
2026-05-19 22:07:35 - speech_to_text.gui.main_window - DEBUG - Window: Speech-to-Text Transcriber (900x1200)
2026-05-19 22:07:35 - speech_to_text.gui.main_window - DEBUG - Detecting hardware...
2026-05-19 22:07:35 - speech_to_text.hardware_detection - DEBUG - Initializing HardwareDetector...
2026-05-19 22:07:35 - speech_to_text.hardware_detection - DEBUG - Detected: 4 CPU cores, 15.74 GB RAM
2026-05-19 22:07:35 - speech_to_text.hardware_detection - DEBUG - No GPU found: FileNotFoundError
2026-05-19 22:07:35 - speech_to_text.hardware_detection - INFO - Hardware: OS=Windows, GPU=No
2026-05-19 22:07:35 - speech_to_text.gui.main_window - DEBUG - UI initialized, building components...
2026-05-19 22:07:38 - speech_to_text.gui.main_window - INFO - ✓ MainWindow ready
2026-05-19 22:07:38 - __main__ - DEBUG - MainWindow instance created
2026-05-19 22:07:38 - __main__ - INFO - Displaying main window...
2026-05-19 22:07:38 - __main__ - INFO - Application ready. Entering event loop.
2026-05-25 09:53:37 - __main__ - INFO - ======================================================================
2026-05-25 09:53:37 - __main__ - INFO - Starting Speech-to-Text Transcriber v2.0.0
2026-05-25 09:53:37 - __main__ - INFO - Python 3.11.0
2026-05-25 09:53:37 - __main__ - INFO - Platform: win32
2026-05-25 09:53:37 - __main__ - INFO - ======================================================================
2026-05-25 09:53:37 - __main__ - INFO - Checking dependencies...
2026-05-25 09:53:37 - __main__ - DEBUG - Required packages: {'PyQt5': 'PyQt5', 'tqdm': 'tqdm'}
2026-05-25 09:53:37 - speech_to_text.core.dependencies - INFO - Checking 2 required packages...
2026-05-25 09:53:37 - speech_to_text.core.dependencies - DEBUG - ✓ Package available: PyQt5
2026-05-25 09:53:37 - speech_to_text.core.dependencies - DEBUG - ✓ Package available: tqdm
2026-05-25 09:53:37 - speech_to_text.core.dependencies - INFO - All required packages are available
2026-05-25 09:53:37 - __main__ - INFO - ✓ All dependencies available
2026-05-25 09:53:37 - __main__ - INFO - Initializing GUI...
2026-05-25 09:53:37 - __main__ - DEBUG - PyQt5 imports successful
2026-05-25 09:53:37 - __main__ - DEBUG - Creating QApplication...
2026-05-25 09:53:37 - __main__ - DEBUG - QApplication created successfully
2026-05-25 09:53:37 - __main__ - DEBUG - Creating MainWindow...
2026-05-25 09:53:37 - speech_to_text.gui.main_window - INFO - Initializing MainWindow...
2026-05-25 09:53:37 - speech_to_text.gui.main_window - DEBUG - Window: Speech-to-Text Transcriber (900x1200)
2026-05-25 09:53:37 - speech_to_text.gui.main_window - DEBUG - Detecting hardware...
2026-05-25 09:53:37 - speech_to_text.hardware_detection - DEBUG - Initializing HardwareDetector...
2026-05-25 09:53:37 - speech_to_text.hardware_detection - DEBUG - Detected: 4 CPU cores, 15.74 GB RAM
2026-05-25 09:53:37 - speech_to_text.hardware_detection - DEBUG - No GPU found: FileNotFoundError
2026-05-25 09:53:37 - speech_to_text.hardware_detection - INFO - Hardware: OS=Windows, GPU=No
2026-05-25 09:53:37 - speech_to_text.gui.main_window - DEBUG - UI initialized, building components...
2026-05-25 09:53:38 - speech_to_text.gui.main_window - INFO - ✓ MainWindow ready
2026-05-25 09:53:38 - __main__ - DEBUG - MainWindow instance created
2026-05-25 09:53:38 - __main__ - INFO - Displaying main window...
2026-05-25 09:53:38 - __main__ - INFO - Application ready. Entering event loop.
2026-05-25 15:24:34 - __main__ - INFO - ======================================================================
2026-05-25 15:24:34 - __main__ - INFO - Starting Speech-to-Text Transcriber v2.0.0
2026-05-25 15:24:34 - __main__ - INFO - Python 3.11.0
2026-05-25 15:24:34 - __main__ - INFO - Platform: win32
2026-05-25 15:24:34 - __main__ - INFO - ======================================================================
2026-05-25 15:24:34 - __main__ - INFO - Checking dependencies...
2026-05-25 15:24:34 - __main__ - DEBUG - Required packages: {'PyQt5': 'PyQt5', 'tqdm': 'tqdm'}
2026-05-25 15:24:34 - speech_to_text.core.dependencies - INFO - Checking 2 required packages...
2026-05-25 15:24:34 - speech_to_text.core.dependencies - DEBUG - ✓ Package available: PyQt5
2026-05-25 15:24:34 - speech_to_text.core.dependencies - DEBUG - ✓ Package available: tqdm
2026-05-25 15:24:34 - speech_to_text.core.dependencies - INFO - All required packages are available
2026-05-25 15:24:34 - __main__ - INFO - ✓ All dependencies available
2026-05-25 15:24:34 - __main__ - INFO - Initializing GUI...
2026-05-25 15:24:35 - __main__ - DEBUG - PyQt5 imports successful
2026-05-25 15:24:35 - __main__ - DEBUG - Creating QApplication...
2026-05-25 15:24:35 - __main__ - DEBUG - QApplication created successfully
2026-05-25 15:24:35 - __main__ - DEBUG - Creating MainWindow...
2026-05-25 15:24:35 - speech_to_text.gui.main_window - INFO - Initializing MainWindow...
2026-05-25 15:24:35 - speech_to_text.gui.main_window - DEBUG - Window: Speech-to-Text Transcriber (900x1200)
2026-05-25 15:24:35 - speech_to_text.gui.main_window - DEBUG - Detecting hardware...
2026-05-25 15:24:35 - speech_to_text.hardware_detection - DEBUG - Initializing HardwareDetector...
2026-05-25 15:24:35 - speech_to_text.hardware_detection - DEBUG - Detected: 4 CPU cores, 15.74 GB RAM
2026-05-25 15:38:04 - __main__ - INFO - ======================================================================
2026-05-25 15:38:04 - __main__ - INFO - Starting Speech-to-Text Transcriber v2.0.0
2026-05-25 15:38:04 - __main__ - INFO - Python 3.11.0
2026-05-25 15:38:04 - __main__ - INFO - Platform: win32
2026-05-25 15:38:04 - __main__ - INFO - ======================================================================
2026-05-25 15:38:04 - __main__ - INFO - Checking dependencies...
2026-05-25 15:38:04 - __main__ - DEBUG - Required packages: {'PyQt5': 'PyQt5', 'tqdm': 'tqdm'}
2026-05-25 15:38:04 - speech_to_text.core.dependencies - INFO - Checking 2 required packages...
2026-05-25 15:38:04 - speech_to_text.core.dependencies - DEBUG - ✓ Package available: PyQt5
2026-05-25 15:38:04 - speech_to_text.core.dependencies - DEBUG - ✓ Package available: tqdm
2026-05-25 15:38:04 - speech_to_text.core.dependencies - INFO - All required packages are available
2026-05-25 15:38:04 - __main__ - INFO - ✓ All dependencies available
2026-05-25 15:38:04 - __main__ - INFO - Initializing GUI...
2026-05-25 15:38:05 - __main__ - DEBUG - PyQt5 imports successful
2026-05-25 15:38:05 - __main__ - DEBUG - Creating QApplication...
2026-05-25 15:38:05 - __main__ - DEBUG - QApplication created successfully
2026-05-25 15:38:05 - __main__ - DEBUG - Creating MainWindow...
2026-05-25 15:38:05 - speech_to_text.gui.main_window - INFO - Initializing MainWindow...
2026-05-25 15:38:05 - speech_to_text.gui.main_window - DEBUG - Window: Speech-to-Text Transcriber (900x1200)
2026-05-25 15:38:05 - speech_to_text.gui.main_window - DEBUG - Detecting hardware...
2026-05-25 15:38:05 - speech_to_text.hardware_detection - DEBUG - Initializing HardwareDetector...
2026-05-25 15:38:05 - speech_to_text.hardware_detection - DEBUG - Detected: 4 CPU cores, 15.74 GB RAM
2026-05-25 15:38:05 - speech_to_text.hardware_detection - DEBUG - No GPU found: FileNotFoundError
2026-05-25 15:38:05 - speech_to_text.hardware_detection - INFO - Hardware: OS=Windows, GPU=No
2026-05-25 15:38:05 - speech_to_text.gui.main_window - DEBUG - UI initialized, building components...
2026-05-25 15:38:07 - speech_to_text.gui.main_window - INFO - ✓ MainWindow ready
2026-05-25 15:38:07 - __main__ - DEBUG - MainWindow instance created
2026-05-25 15:38:07 - __main__ - INFO - Displaying main window...
2026-05-25 15:38:07 - __main__ - INFO - Application ready. Entering event loop.
2026-05-25 15:38:20 - speech_to_text.gui.main_window - DEBUG - No file selected - cannot estimate time
2026-05-25 15:38:20 - speech_to_text.gui.main_window - DEBUG - No file selected - cannot estimate time
2026-05-25 15:38:22 - speech_to_text.gui.main_window - DEBUG - No file selected - cannot estimate time
2026-05-25 15:38:22 - speech_to_text.gui.main_window - DEBUG - No file selected - cannot estimate time
2026-05-25 15:38:23 - speech_to_text.gui.main_window - DEBUG - No file selected - cannot estimate time
2026-05-25 15:38:23 - speech_to_text.gui.main_window - DEBUG - No file selected - cannot estimate time
2026-05-25 15:38:25 - speech_to_text.gui.main_window - DEBUG - No file selected - cannot estimate time
2026-05-25 15:38:25 - speech_to_text.gui.main_window - DEBUG - No file selected - cannot estimate time
2026-05-25 15:41:32 - __main__ - INFO - Application event loop exited with code: 0
2026-05-25 15:41:32 - __main__ - DEBUG - Application shutdown sequence completed
2026-05-25 15:44:46 - __main__ - INFO - ======================================================================
2026-05-25 15:44:46 - __main__ - INFO - Starting Speech-to-Text Transcriber v2.0.0
2026-05-25 15:44:46 - __main__ - INFO - Python 3.11.0
2026-05-25 15:44:46 - __main__ - INFO - Platform: win32
2026-05-25 15:44:46 - __main__ - INFO - ======================================================================
2026-05-25 15:44:46 - __main__ - INFO - Checking dependencies...
2026-05-25 15:44:46 - __main__ - DEBUG - Required packages: {'PyQt5': 'PyQt5', 'tqdm': 'tqdm'}
2026-05-25 15:44:46 - speech_to_text.core.dependencies - INFO - Checking 2 required packages...
2026-05-25 15:44:46 - speech_to_text.core.dependencies - DEBUG - ✓ Package available: PyQt5
2026-05-25 15:44:46 - speech_to_text.core.dependencies - DEBUG - ✓ Package available: tqdm
2026-05-25 15:44:46 - speech_to_text.core.dependencies - INFO - All required packages are available
2026-05-25 15:44:46 - __main__ - INFO - ✓ All dependencies available
2026-05-25 15:44:46 - __main__ - INFO - Initializing GUI...
2026-05-25 15:44:46 - __main__ - DEBUG - PyQt5 imports successful
2026-05-25 15:44:46 - __main__ - DEBUG - Creating QApplication...
2026-05-25 15:44:46 - __main__ - DEBUG - QApplication created successfully
2026-05-25 15:44:46 - __main__ - DEBUG - Creating MainWindow...
2026-05-25 15:44:46 - speech_to_text.gui.main_window - INFO - Initializing MainWindow (Wizard Style)...
2026-05-25 15:44:46 - speech_to_text.hardware_detection - DEBUG - Initializing HardwareDetector...
2026-05-25 15:44:46 - speech_to_text.hardware_detection - DEBUG - Detected: 4 CPU cores, 15.74 GB RAM
2026-05-25 15:44:46 - speech_to_text.hardware_detection - DEBUG - No GPU found: FileNotFoundError
2026-05-25 15:44:47 - speech_to_text.hardware_detection - INFO - Hardware: OS=Windows, GPU=No
2026-05-25 15:44:49 - speech_to_text.gui.main_window - INFO - ✓ MainWindow ready
2026-05-25 15:44:49 - __main__ - DEBUG - MainWindow instance created
2026-05-25 15:44:49 - __main__ - INFO - Displaying main window...
2026-05-25 15:47:19 - __main__ - INFO - ======================================================================
2026-05-25 15:47:19 - __main__ - INFO - Starting Speech-to-Text Transcriber v2.0.0
2026-05-25 15:47:19 - __main__ - INFO - Python 3.11.0
2026-05-25 15:47:19 - __main__ - INFO - Platform: win32
2026-05-25 15:47:19 - __main__ - INFO - ======================================================================
2026-05-25 15:47:19 - __main__ - INFO - Checking dependencies...
2026-05-25 15:47:19 - __main__ - DEBUG - Required packages: {'PyQt5': 'PyQt5', 'tqdm': 'tqdm'}
2026-05-25 15:47:19 - speech_to_text.core.dependencies - INFO - Checking 2 required packages...
2026-05-25 15:47:19 - speech_to_text.core.dependencies - DEBUG - ✓ Package available: PyQt5
2026-05-25 15:47:19 - speech_to_text.core.dependencies - DEBUG - ✓ Package available: tqdm
2026-05-25 15:47:19 - speech_to_text.core.dependencies - INFO - All required packages are available
2026-05-25 15:47:19 - __main__ - INFO - ✓ All dependencies available
2026-05-25 15:47:19 - __main__ - INFO - Initializing GUI...
2026-05-25 15:47:20 - __main__ - DEBUG - PyQt5 imports successful
2026-05-25 15:47:20 - __main__ - DEBUG - Creating QApplication...
2026-05-25 15:47:20 - __main__ - DEBUG - QApplication created successfully
2026-05-25 15:47:20 - __main__ - DEBUG - Creating MainWindow...
2026-05-25 15:47:20 - speech_to_text.gui.main_window - INFO - Initializing MainWindow (Wizard Style)...
2026-05-25 15:47:20 - speech_to_text.hardware_detection - DEBUG - Initializing HardwareDetector...
2026-05-25 15:47:20 - speech_to_text.hardware_detection - DEBUG - Detected: 4 CPU cores, 15.74 GB RAM
2026-05-25 15:47:20 - speech_to_text.hardware_detection - DEBUG - No GPU found: FileNotFoundError
2026-05-25 15:47:20 - speech_to_text.hardware_detection - INFO - Hardware: OS=Windows, GPU=No
2026-05-25 15:47:21 - speech_to_text.gui.main_window - INFO - ✓ MainWindow ready
2026-05-25 15:47:21 - __main__ - DEBUG - MainWindow instance created
2026-05-25 15:47:21 - __main__ - INFO - Displaying main window...
2026-05-25 15:47:21 - __main__ - INFO - Application ready. Entering event loop.
2026-05-25 15:48:40 - __main__ - INFO - Application event loop exited with code: 0
2026-05-25 15:48:40 - __main__ - DEBUG - Application shutdown sequence completed
2026-05-25 20:55:08 - __main__ - INFO - ======================================================================
2026-05-25 20:55:08 - __main__ - INFO - Starting Speech-to-Text Transcriber v2.0.0
2026-05-25 20:55:08 - __main__ - INFO - Python 3.11.0
2026-05-25 20:55:08 - __main__ - INFO - Platform: win32
2026-05-25 20:55:08 - __main__ - INFO - ======================================================================
2026-05-25 20:55:08 - __main__ - INFO - Checking dependencies...
2026-05-25 20:55:08 - __main__ - DEBUG - Required packages: {'PyQt5': 'PyQt5', 'tqdm': 'tqdm'}
2026-05-25 20:55:08 - speech_to_text.core.dependencies - INFO - Checking 2 required packages...
2026-05-25 20:55:08 - speech_to_text.core.dependencies - DEBUG - ✓ Package available: PyQt5
2026-05-25 20:55:09 - speech_to_text.core.dependencies - DEBUG - ✓ Package available: tqdm
2026-05-25 20:55:09 - speech_to_text.core.dependencies - INFO - All required packages are available
2026-05-25 20:55:09 - __main__ - INFO - ✓ All dependencies available
2026-05-25 20:55:09 - __main__ - INFO - Initializing GUI...
2026-05-25 20:55:10 - __main__ - DEBUG - PyQt5 imports successful
2026-05-25 20:55:10 - __main__ - DEBUG - Creating QApplication...
2026-05-25 20:55:10 - __main__ - DEBUG - QApplication created successfully
2026-05-25 20:55:10 - __main__ - DEBUG - Creating MainWindow...
2026-05-25 20:55:10 - speech_to_text.gui.main_window - INFO - Initializing MainWindow (Wizard Style)...
2026-05-25 20:55:10 - speech_to_text.hardware_detection - DEBUG - Initializing HardwareDetector...
2026-05-25 20:55:10 - speech_to_text.hardware_detection - DEBUG - Detected: 4 CPU cores, 15.74 GB RAM
2026-05-25 20:55:10 - speech_to_text.hardware_detection - DEBUG - No GPU found: FileNotFoundError
2026-05-25 20:55:10 - speech_to_text.hardware_detection - INFO - Hardware: OS=Windows, GPU=No
2026-05-25 20:55:12 - speech_to_text.gui.main_window - INFO - ✓ MainWindow ready
2026-05-25 20:55:12 - __main__ - DEBUG - MainWindow instance created
2026-05-25 20:55:12 - __main__ - INFO - Displaying main window...
2026-05-25 20:59:55 - __main__ - INFO - ======================================================================
2026-05-25 20:59:55 - __main__ - INFO - Starting Speech-to-Text Transcriber v2.0.0
2026-05-25 20:59:55 - __main__ - INFO - Python 3.11.0
2026-05-25 20:59:55 - __main__ - INFO - Platform: win32
2026-05-25 20:59:55 - __main__ - INFO - ======================================================================
2026-05-25 20:59:55 - __main__ - INFO - Checking dependencies...
2026-05-25 20:59:55 - __main__ - DEBUG - Required packages: {'PyQt5': 'PyQt5', 'tqdm': 'tqdm'}
2026-05-25 20:59:55 - speech_to_text.core.dependencies - INFO - Checking 2 required packages...
2026-05-25 20:59:55 - speech_to_text.core.dependencies - DEBUG - ✓ Package available: PyQt5
2026-05-25 20:59:55 - speech_to_text.core.dependencies - DEBUG - ✓ Package available: tqdm
2026-05-25 20:59:55 - speech_to_text.core.dependencies - INFO - All required packages are available
2026-05-25 20:59:55 - __main__ - INFO - ✓ All dependencies available
2026-05-25 20:59:55 - __main__ - INFO - Initializing GUI...
2026-05-25 20:59:55 - __main__ - DEBUG - PyQt5 imports successful
2026-05-25 20:59:55 - __main__ - DEBUG - Creating QApplication...
2026-05-25 20:59:55 - __main__ - DEBUG - QApplication created successfully
2026-05-25 20:59:55 - __main__ - DEBUG - Creating MainWindow...
2026-05-25 20:59:55 - speech_to_text.gui.main_window - INFO - Initializing MainWindow (Wizard Style)...
2026-05-25 20:59:55 - speech_to_text.hardware_detection - DEBUG - Initializing HardwareDetector...
2026-05-25 20:59:55 - speech_to_text.hardware_detection - DEBUG - Detected: 4 CPU cores, 15.74 GB RAM
2026-05-25 20:59:55 - speech_to_text.hardware_detection - DEBUG - No GPU found: FileNotFoundError
2026-05-25 20:59:55 - speech_to_text.hardware_detection - INFO - Hardware: OS=Windows, GPU=No
2026-05-25 20:59:56 - speech_to_text.gui.main_window - INFO - ✓ MainWindow ready
2026-05-25 20:59:56 - __main__ - DEBUG - MainWindow instance created
2026-05-25 20:59:56 - __main__ - INFO - Displaying main window...
2026-05-25 20:59:56 - __main__ - INFO - Application ready. Entering event loop.
2026-05-25 21:00:44 - __main__ - INFO - Application event loop exited with code: 0
2026-05-25 21:00:44 - __main__ - DEBUG - Application shutdown sequence completed
2026-05-25 21:03:06 - __main__ - INFO - ======================================================================
2026-05-25 21:03:06 - __main__ - INFO - Starting Speech-to-Text Transcriber v2.0.0
2026-05-25 21:03:06 - __main__ - INFO - Python 3.11.0
2026-05-25 21:03:06 - __main__ - INFO - Platform: win32
2026-05-25 21:03:06 - __main__ - INFO - ======================================================================
2026-05-25 21:03:06 - __main__ - INFO - Checking dependencies...
2026-05-25 21:03:06 - __main__ - DEBUG - Required packages: {'PyQt5': 'PyQt5', 'tqdm': 'tqdm'}
2026-05-25 21:03:06 - speech_to_text.core.dependencies - INFO - Checking 2 required packages...
2026-05-25 21:03:06 - speech_to_text.core.dependencies - DEBUG - ✓ Package available: PyQt5
2026-05-25 21:03:06 - speech_to_text.core.dependencies - DEBUG - ✓ Package available: tqdm
2026-05-25 21:03:06 - speech_to_text.core.dependencies - INFO - All required packages are available
2026-05-25 21:03:06 - __main__ - INFO - ✓ All dependencies available
2026-05-25 21:03:06 - __main__ - INFO - Initializing GUI...
2026-05-25 21:03:06 - __main__ - DEBUG - PyQt5 imports successful
2026-05-25 21:03:06 - __main__ - DEBUG - Creating QApplication...
2026-05-25 21:03:06 - __main__ - DEBUG - QApplication created successfully
2026-05-25 21:03:06 - __main__ - DEBUG - Creating MainWindow...
2026-05-25 21:03:06 - speech_to_text.gui.main_window - INFO - Initializing MainWindow (Minimal Tool Style)...
2026-05-25 21:03:06 - speech_to_text.hardware_detection - DEBUG - Initializing HardwareDetector...
2026-05-25 21:03:06 - speech_to_text.hardware_detection - DEBUG - Detected: 4 CPU cores, 15.74 GB RAM
2026-05-25 21:03:06 - speech_to_text.hardware_detection - DEBUG - No GPU found: FileNotFoundError
2026-05-25 21:03:06 - speech_to_text.hardware_detection - INFO - Hardware: OS=Windows, GPU=No
2026-05-25 21:03:06 - speech_to_text.gui.main_window - INFO - ✓ MainWindow ready
2026-05-25 21:03:06 - __main__ - DEBUG - MainWindow instance created
2026-05-25 21:03:06 - __main__ - INFO - Displaying main window...
2026-05-25 21:03:07 - __main__ - INFO - Application ready. Entering event loop.
2026-05-25 21:05:52 - __main__ - INFO - ======================================================================
2026-05-25 21:05:52 - __main__ - INFO - Starting Speech-to-Text Transcriber v2.0.0
2026-05-25 21:05:52 - __main__ - INFO - Python 3.11.0
2026-05-25 21:05:52 - __main__ - INFO - Platform: win32
2026-05-25 21:05:52 - __main__ - INFO - ======================================================================
2026-05-25 21:05:52 - __main__ - INFO - Checking dependencies...
2026-05-25 21:05:52 - __main__ - DEBUG - Required packages: {'PyQt5': 'PyQt5', 'tqdm': 'tqdm'}
2026-05-25 21:05:52 - speech_to_text.core.dependencies - INFO - Checking 2 required packages...
2026-05-25 21:05:52 - speech_to_text.core.dependencies - DEBUG - ✓ Package available: PyQt5
2026-05-25 21:05:52 - speech_to_text.core.dependencies - DEBUG - ✓ Package available: tqdm
2026-05-25 21:05:52 - speech_to_text.core.dependencies - INFO - All required packages are available
2026-05-25 21:05:52 - __main__ - INFO - ✓ All dependencies available
2026-05-25 21:05:52 - __main__ - INFO - Initializing GUI...
2026-05-25 21:05:52 - __main__ - DEBUG - PyQt5 imports successful
2026-05-25 21:05:52 - __main__ - DEBUG - Creating QApplication...
2026-05-25 21:05:52 - __main__ - DEBUG - QApplication created successfully
2026-05-25 21:05:52 - __main__ - DEBUG - Creating MainWindow...
2026-05-25 21:05:52 - speech_to_text.gui.main_window - INFO - Initializing MainWindow (Minimal Tool Style)...
2026-05-25 21:05:52 - speech_to_text.hardware_detection - DEBUG - Initializing HardwareDetector...
2026-05-25 21:05:52 - speech_to_text.hardware_detection - DEBUG - Detected: 4 CPU cores, 15.74 GB RAM
2026-05-25 21:05:52 - speech_to_text.hardware_detection - DEBUG - No GPU found: FileNotFoundError
2026-05-25 21:05:52 - speech_to_text.hardware_detection - INFO - Hardware: OS=Windows, GPU=No
2026-05-25 21:05:52 - speech_to_text.gui.main_window - INFO - ✓ MainWindow ready
2026-05-25 21:05:52 - __main__ - DEBUG - MainWindow instance created
2026-05-25 21:05:52 - __main__ - INFO - Displaying main window...
2026-05-25 21:05:52 - __main__ - INFO - Application ready. Entering event loop.
2026-05-25 21:06:19 - __main__ - INFO - Application event loop exited with code: 0
2026-05-25 21:06:19 - __main__ - DEBUG - Application shutdown sequence completed
2026-05-25 21:19:05 - __main__ - INFO - ======================================================================
2026-05-25 21:19:05 - __main__ - INFO - Starting Speech-to-Text Transcriber v2.0.0
2026-05-25 21:19:05 - __main__ - INFO - Python 3.11.0
2026-05-25 21:19:05 - __main__ - INFO - Platform: win32
2026-05-25 21:19:05 - __main__ - INFO - ======================================================================
2026-05-25 21:19:05 - __main__ - INFO - Checking dependencies...
2026-05-25 21:19:05 - __main__ - DEBUG - Required packages: {'PyQt5': 'PyQt5', 'tqdm': 'tqdm'}
2026-05-25 21:19:05 - speech_to_text.core.dependencies - INFO - Checking 2 required packages...
2026-05-25 21:19:05 - speech_to_text.core.dependencies - DEBUG - ✓ Package available: PyQt5
2026-05-25 21:19:05 - speech_to_text.core.dependencies - DEBUG - ✓ Package available: tqdm
2026-05-25 21:19:05 - speech_to_text.core.dependencies - INFO - All required packages are available
2026-05-25 21:19:05 - __main__ - INFO - ✓ All dependencies available
2026-05-25 21:19:05 - __main__ - INFO - Initializing GUI...
2026-05-25 21:19:06 - __main__ - DEBUG - PyQt5 imports successful
2026-05-25 21:19:06 - __main__ - DEBUG - Creating QApplication...
2026-05-25 21:19:06 - __main__ - DEBUG - QApplication created successfully
2026-05-25 21:19:06 - __main__ - DEBUG - Creating MainWindow...
2026-05-25 21:19:06 - speech_to_text.gui.main_window - INFO - Initializing MainWindow...
2026-05-25 21:19:06 - speech_to_text.hardware_detection - DEBUG - Initializing HardwareDetector...
2026-05-25 21:19:06 - speech_to_text.hardware_detection - DEBUG - Detected: 4 CPU cores, 15.74 GB RAM
2026-05-25 21:19:06 - speech_to_text.hardware_detection - DEBUG - No GPU found: FileNotFoundError
2026-05-25 21:19:06 - speech_to_text.hardware_detection - INFO - Hardware: OS=Windows, GPU=No
2026-05-25 21:19:06 - __main__ - ERROR - Unexpected error during startup: arguments did not match any overloaded call:
  render(self, p: Optional[QPainter]): argument 1 has unexpected type 'QPixmap'
  render(self, p: Optional[QPainter], bounds: QRectF): argument 1 has unexpected type 'QPixmap'
  render(self, painter: Optional[QPainter], elementId: Optional[str], bounds: QRectF = QRectF()): argument 1 has unexpected type 'QPixmap'
Traceback (most recent call last):
  File "C:\Users\yuval\OneDrive - ort braude college of engineering\Desktop\New folder\speech_to_text\main.py", line 66, in main
    window = MainWindow()
             ^^^^^^^^^^^^
  File "C:\Users\yuval\OneDrive - ort braude college of engineering\Desktop\New folder\speech_to_text\gui\main_window.py", line 690, in __init__
    self._init_ui()
  File "C:\Users\yuval\OneDrive - ort braude college of engineering\Desktop\New folder\speech_to_text\gui\main_window.py", line 731, in _init_ui
    mic_pixmap = svg_to_pixmap(ICONS["microphone"], 24, "white")
                 ^^^^^^^^^^^^^^^^^^^^^^^^^^^^^^^^^^^^^^^^^^^^^^^
  File "C:\Users\yuval\OneDrive - ort braude college of engineering\Desktop\New folder\speech_to_text\gui\main_window.py", line 117, in svg_to_pixmap
    renderer.render(pixmap)
TypeError: arguments did not match any overloaded call:
  render(self, p: Optional[QPainter]): argument 1 has unexpected type 'QPixmap'
  render(self, p: Optional[QPainter], bounds: QRectF): argument 1 has unexpected type 'QPixmap'
  render(self, painter: Optional[QPainter], elementId: Optional[str], bounds: QRectF = QRectF()): argument 1 has unexpected type 'QPixmap'
2026-05-25 21:19:06 - __main__ - DEBUG - Exception type: TypeError
2026-05-25 21:19:06 - __main__ - DEBUG - Application shutdown sequence completed
2026-05-25 21:19:28 - __main__ - INFO - ======================================================================
2026-05-25 21:19:28 - __main__ - INFO - Starting Speech-to-Text Transcriber v2.0.0
2026-05-25 21:19:28 - __main__ - INFO - Python 3.11.0
2026-05-25 21:19:28 - __main__ - INFO - Platform: win32
2026-05-25 21:19:28 - __main__ - INFO - ======================================================================
2026-05-25 21:19:28 - __main__ - INFO - Checking dependencies...
2026-05-25 21:19:28 - __main__ - DEBUG - Required packages: {'PyQt5': 'PyQt5', 'tqdm': 'tqdm'}
2026-05-25 21:19:28 - speech_to_text.core.dependencies - INFO - Checking 2 required packages...
2026-05-25 21:19:28 - speech_to_text.core.dependencies - DEBUG - ✓ Package available: PyQt5
2026-05-25 21:19:28 - speech_to_text.core.dependencies - DEBUG - ✓ Package available: tqdm
2026-05-25 21:19:28 - speech_to_text.core.dependencies - INFO - All required packages are available
2026-05-25 21:19:28 - __main__ - INFO - ✓ All dependencies available
2026-05-25 21:19:28 - __main__ - INFO - Initializing GUI...
2026-05-25 21:19:28 - __main__ - DEBUG - PyQt5 imports successful
2026-05-25 21:19:28 - __main__ - DEBUG - Creating QApplication...
2026-05-25 21:19:28 - __main__ - DEBUG - QApplication created successfully
2026-05-25 21:19:28 - __main__ - DEBUG - Creating MainWindow...
2026-05-25 21:19:28 - speech_to_text.gui.main_window - INFO - Initializing MainWindow...
2026-05-25 21:19:28 - speech_to_text.hardware_detection - DEBUG - Initializing HardwareDetector...
2026-05-25 21:19:28 - speech_to_text.hardware_detection - DEBUG - Detected: 4 CPU cores, 15.74 GB RAM
2026-05-25 21:19:28 - speech_to_text.hardware_detection - DEBUG - No GPU found: FileNotFoundError
2026-05-25 21:19:28 - speech_to_text.hardware_detection - INFO - Hardware: OS=Windows, GPU=No
2026-05-25 21:19:28 - speech_to_text.hardware_detection - DEBUG - Time estimation: Model: Tiny • Device: 4 CPU cores • Audio: 0.0m → ~20s
2026-05-25 21:19:28 - speech_to_text.hardware_detection - DEBUG - Time estimation: Model: Base • Device: 4 CPU cores • Audio: 0.0m → ~20s
2026-05-25 21:19:28 - speech_to_text.hardware_detection - DEBUG - Time estimation: Model: Small • Device: 4 CPU cores • Audio: 0.0m → ~20s
2026-05-25 21:19:28 - speech_to_text.hardware_detection - DEBUG - Time estimation: Model: Medium • Device: 4 CPU cores • Audio: 0.0m → ~20s
2026-05-25 21:19:28 - speech_to_text.hardware_detection - DEBUG - Time estimation: Model: Large • Device: 4 CPU cores • Audio: 0.0m → ~20s
2026-05-25 21:19:29 - speech_to_text.gui.main_window - DEBUG - Window centered at (710, 300)
2026-05-25 21:19:29 - speech_to_text.gui.main_window - INFO - ✓ MainWindow ready
2026-05-25 21:19:29 - __main__ - DEBUG - MainWindow instance created
2026-05-25 21:19:29 - __main__ - INFO - Displaying main window...
2026-05-25 21:19:29 - __main__ - INFO - Application ready. Entering event loop.
2026-05-26 11:11:23 - __main__ - INFO - ======================================================================
2026-05-26 11:11:23 - __main__ - INFO - Starting Speech-to-Text Transcriber v2.0.0
2026-05-26 11:11:23 - __main__ - INFO - Python 3.11.0
2026-05-26 11:11:23 - __main__ - INFO - Platform: win32
2026-05-26 11:11:23 - __main__ - INFO - ======================================================================
2026-05-26 11:11:23 - __main__ - INFO - Checking dependencies...
2026-05-26 11:11:23 - __main__ - DEBUG - Required packages: {'PyQt5': 'PyQt5', 'tqdm': 'tqdm'}
2026-05-26 11:11:23 - speech_to_text.core.dependencies - INFO - Checking 2 required packages...
2026-05-26 11:11:23 - speech_to_text.core.dependencies - DEBUG - ✓ Package available: PyQt5
2026-05-26 11:11:23 - speech_to_text.core.dependencies - DEBUG - ✓ Package available: tqdm
2026-05-26 11:11:23 - speech_to_text.core.dependencies - INFO - All required packages are available
2026-05-26 11:11:23 - __main__ - INFO - ✓ All dependencies available
2026-05-26 11:11:23 - __main__ - INFO - Initializing GUI...
2026-05-26 11:11:23 - __main__ - DEBUG - PyQt5 imports successful
2026-05-26 11:11:23 - __main__ - DEBUG - Creating QApplication...
2026-05-26 11:11:23 - __main__ - DEBUG - QApplication created successfully
2026-05-26 11:11:23 - __main__ - DEBUG - Creating MainWindow...
2026-05-26 11:11:23 - speech_to_text.gui.main_window - INFO - Initializing MainWindow...
2026-05-26 11:11:24 - speech_to_text.hardware_detection - DEBUG - Initializing HardwareDetector...
2026-05-26 11:11:24 - speech_to_text.hardware_detection - DEBUG - Detected: 4 CPU cores, 15.74 GB RAM
2026-05-26 11:11:24 - speech_to_text.hardware_detection - DEBUG - No GPU found: FileNotFoundError
2026-05-26 11:11:24 - speech_to_text.hardware_detection - INFO - Hardware: OS=Windows, GPU=No
2026-05-26 11:11:24 - speech_to_text.hardware_detection - DEBUG - Time estimation: Model: Tiny • Device: 4 CPU cores • Audio: 0.0m → ~20s
2026-05-26 11:11:24 - speech_to_text.hardware_detection - DEBUG - Time estimation: Model: Base • Device: 4 CPU cores • Audio: 0.0m → ~20s
2026-05-26 11:11:24 - speech_to_text.hardware_detection - DEBUG - Time estimation: Model: Small • Device: 4 CPU cores • Audio: 0.0m → ~20s
2026-05-26 11:11:24 - speech_to_text.hardware_detection - DEBUG - Time estimation: Model: Medium • Device: 4 CPU cores • Audio: 0.0m → ~20s
2026-05-26 11:11:24 - speech_to_text.hardware_detection - DEBUG - Time estimation: Model: Large • Device: 4 CPU cores • Audio: 0.0m → ~20s
2026-05-26 11:11:25 - speech_to_text.gui.main_window - DEBUG - Window centered at (710, 300)
2026-05-26 11:11:25 - speech_to_text.gui.main_window - INFO - ✓ MainWindow ready
2026-05-26 11:11:25 - __main__ - DEBUG - MainWindow instance created
2026-05-26 11:11:25 - __main__ - INFO - Displaying main window...
2026-05-26 11:11:26 - __main__ - INFO - Application ready. Entering event loop.
2026-05-26 11:12:02 - speech_to_text.gui.main_window - DEBUG - moviepy not available
2026-05-26 11:12:02 - speech_to_text.gui.main_window - DEBUG - librosa not available
2026-05-26 11:12:02 - speech_to_text.gui.main_window - DEBUG - Estimated duration from file size: 593537s (9892m 17s)
2026-05-26 11:12:02 - speech_to_text.gui.main_window - DEBUG - File selected: C:/Users/yuval/OneDrive - ort braude college of engineering/Documents/Degree/הקלטות/תורת הקומפילציה/סדנאות + מרתון/סדנה 1/סדנה 1.mp4 (593537s)
2026-05-26 11:12:06 - speech_to_text.hardware_detection - DEBUG - Time estimation: Model: Tiny • Device: 4 CPU cores • Audio: 9892.3m → ~65h 57m
2026-05-26 11:12:06 - speech_to_text.hardware_detection - DEBUG - Time estimation: Model: Base • Device: 4 CPU cores • Audio: 9892.3m → ~164h 52m
2026-05-26 11:12:06 - speech_to_text.hardware_detection - DEBUG - Time estimation: Model: Small • Device: 4 CPU cores • Audio: 9892.3m → ~91h 36m
2026-05-26 11:12:06 - speech_to_text.hardware_detection - DEBUG - Time estimation: Model: Medium • Device: 4 CPU cores • Audio: 9892.3m → ~253h 39m
2026-05-26 11:12:06 - speech_to_text.hardware_detection - DEBUG - Time estimation: Model: Large • Device: 4 CPU cores • Audio: 9892.3m → ~471h 4m
2026-05-26 11:12:06 - speech_to_text.gui.main_window - DEBUG - Navigated to: Step.MODEL_SELECT
2026-05-26 11:12:54 - speech_to_text.gui.main_window - DEBUG - Model selected: base
2026-05-26 11:12:56 - speech_to_text.gui.main_window - INFO - Starting transcription: סדנה 1.mp4 with base model
2026-05-26 11:12:56 - speech_to_text.gui.main_window - DEBUG - TranscriptionThread created: סדנה 1.mp4
2026-05-26 11:12:56 - speech_to_text.gui.main_window - DEBUG - Navigated to: Step.TRANSCRIPTION
2026-05-26 11:12:56 - speech_to_text.gui.main_window - INFO - TranscriptionThread started
2026-05-26 11:13:00 - speech_to_text.core.transcriber - DEBUG - Transcriber initialized: model=base, device=cpu, lang=he
2026-05-26 11:13:00 - speech_to_text.core.transcriber - INFO - Loading base model on cpu...
2026-05-26 11:13:01 - httpcore.connection - DEBUG - connect_tcp.started host='huggingface.co' port=443 local_address=None timeout=None socket_options=None
2026-05-26 11:13:01 - httpcore.connection - DEBUG - connect_tcp.complete return_value=<httpcore._backends.sync.SyncStream object at 0x000001223D4E6750>
2026-05-26 11:13:01 - httpcore.connection - DEBUG - start_tls.started ssl_context=<ssl.SSLContext object at 0x0000012265D25520> server_hostname='huggingface.co' timeout=None
2026-05-26 11:13:01 - httpcore.connection - DEBUG - start_tls.complete return_value=<httpcore._backends.sync.SyncStream object at 0x00000122660E5150>
2026-05-26 11:13:01 - httpcore.http11 - DEBUG - send_request_headers.started request=<Request [b'GET']>
2026-05-26 11:13:01 - httpcore.http11 - DEBUG - send_request_headers.complete
2026-05-26 11:13:01 - httpcore.http11 - DEBUG - send_request_body.started request=<Request [b'GET']>
2026-05-26 11:13:01 - httpcore.http11 - DEBUG - send_request_body.complete
2026-05-26 11:13:01 - httpcore.http11 - DEBUG - receive_response_headers.started request=<Request [b'GET']>
2026-05-26 11:13:01 - httpcore.http11 - DEBUG - receive_response_headers.complete return_value=(b'HTTP/1.1', 200, b'OK', [(b'Content-Type', b'application/json; charset=utf-8'), (b'Transfer-Encoding', b'chunked'), (b'Connection', b'keep-alive'), (b'Date', b'Tue, 26 May 2026 08:13:04 GMT'), (b'content-encoding', b'gzip'), (b'ETag', b'W/"830-0lC6ZJJV8Ab/apM2yMkSSWWiX3o"'), (b'X-Powered-By', b'huggingface-moon'), (b'X-Request-Id', b'Root=1-6a155610-482ae245597eced7498580ba;3fc3a8fb-c681-4105-b1e0-fb5e7ff0520a'), (b'RateLimit', b'"api";r=499;t=168'), (b'RateLimit-Policy', b'"fixed window";"api";q=500;w=300'), (b'cross-origin-opener-policy', b'same-origin'), (b'Referrer-Policy', b'strict-origin-when-cross-origin'), (b'Access-Control-Max-Age', b'86400'), (b'Access-Control-Allow-Origin', b'https://huggingface.co'), (b'Vary', b'Origin'), (b'vary', b'Accept-Encoding'), (b'Access-Control-Expose-Headers', b'X-Repo-Commit,X-Request-Id,X-Error-Code,X-Error-Message,X-Total-Count,ETag,Link,Accept-Ranges,Content-Range,X-Linked-Size,X-Linked-ETag,X-Xet-Hash'), (b'X-Cache', b'Miss from cloudfront'), (b'Via', b'1.1 72039aef343ee6ab25560bfdbe5be958.cloudfront.net (CloudFront)'), (b'X-Amz-Cf-Pop', b'TLV55-P2'), (b'X-Amz-Cf-Id', b'9XTWmCzlDF5hiHty7Um_xYC_v7I2_2vwX04gXWAvJM1mNP-UpuxUjA==')])
2026-05-26 11:13:01 - httpx - INFO - HTTP Request: GET https://huggingface.co/api/models/Systran/faster-whisper-base/revision/main "HTTP/1.1 200 OK"
2026-05-26 11:13:01 - httpcore.http11 - DEBUG - receive_response_body.started request=<Request [b'GET']>
2026-05-26 11:13:01 - httpcore.http11 - DEBUG - receive_response_body.complete
2026-05-26 11:13:01 - httpcore.http11 - DEBUG - response_closed.started
2026-05-26 11:13:01 - httpcore.http11 - DEBUG - response_closed.complete
2026-05-26 11:13:35 - __main__ - INFO - ======================================================================
2026-05-26 11:13:35 - __main__ - INFO - Starting Speech-to-Text Transcriber v2.0.0
2026-05-26 11:13:35 - __main__ - INFO - Python 3.11.0
2026-05-26 11:13:35 - __main__ - INFO - Platform: win32
2026-05-26 11:13:35 - __main__ - INFO - ======================================================================
2026-05-26 11:13:35 - __main__ - INFO - Checking dependencies...
2026-05-26 11:13:35 - __main__ - DEBUG - Required packages: {'PyQt5': 'PyQt5', 'tqdm': 'tqdm'}
2026-05-26 11:13:35 - speech_to_text.core.dependencies - INFO - Checking 2 required packages...
2026-05-26 11:13:35 - speech_to_text.core.dependencies - DEBUG - ✓ Package available: PyQt5
2026-05-26 11:13:36 - speech_to_text.core.dependencies - DEBUG - ✓ Package available: tqdm
2026-05-26 11:13:36 - speech_to_text.core.dependencies - INFO - All required packages are available
2026-05-26 11:13:36 - __main__ - INFO - ✓ All dependencies available
2026-05-26 11:13:36 - __main__ - INFO - Initializing GUI...
2026-05-26 11:13:36 - __main__ - DEBUG - PyQt5 imports successful
2026-05-26 11:13:36 - __main__ - DEBUG - Creating QApplication...
2026-05-26 11:13:36 - __main__ - DEBUG - QApplication created successfully
2026-05-26 11:13:36 - __main__ - DEBUG - Creating MainWindow...
2026-05-26 11:13:36 - speech_to_text.gui.main_window - INFO - Initializing MainWindow...
2026-05-26 11:13:36 - speech_to_text.hardware_detection - DEBUG - Initializing HardwareDetector...
2026-05-26 11:13:36 - speech_to_text.hardware_detection - DEBUG - Detected: 4 CPU cores, 15.74 GB RAM
2026-05-26 11:13:36 - speech_to_text.hardware_detection - DEBUG - No GPU found: FileNotFoundError
2026-05-26 11:13:36 - speech_to_text.hardware_detection - INFO - Hardware: OS=Windows, GPU=No
2026-05-26 11:13:36 - speech_to_text.hardware_detection - DEBUG - Time estimation: Model: Tiny • Device: 4 CPU cores • Audio: 0.0m → ~20s
2026-05-26 11:13:36 - speech_to_text.hardware_detection - DEBUG - Time estimation: Model: Base • Device: 4 CPU cores • Audio: 0.0m → ~20s
2026-05-26 11:13:36 - speech_to_text.hardware_detection - DEBUG - Time estimation: Model: Small • Device: 4 CPU cores • Audio: 0.0m → ~20s
2026-05-26 11:13:36 - speech_to_text.hardware_detection - DEBUG - Time estimation: Model: Medium • Device: 4 CPU cores • Audio: 0.0m → ~20s
2026-05-26 11:13:36 - speech_to_text.hardware_detection - DEBUG - Time estimation: Model: Large • Device: 4 CPU cores • Audio: 0.0m → ~20s
2026-05-26 11:13:36 - speech_to_text.gui.main_window - DEBUG - Window centered at (710, 300)
2026-05-26 11:13:36 - speech_to_text.gui.main_window - INFO - ✓ MainWindow ready
2026-05-26 11:13:36 - __main__ - DEBUG - MainWindow instance created
2026-05-26 11:13:36 - __main__ - INFO - Displaying main window...
2026-05-26 11:13:36 - __main__ - INFO - Application ready. Entering event loop.
2026-05-26 11:14:48 - __main__ - INFO - ======================================================================
2026-05-26 11:14:48 - __main__ - INFO - Starting Speech-to-Text Transcriber v2.0.0
2026-05-26 11:14:48 - __main__ - INFO - Python 3.11.0
2026-05-26 11:14:48 - __main__ - INFO - Platform: win32
2026-05-26 11:14:48 - __main__ - INFO - ======================================================================
2026-05-26 11:14:48 - __main__ - INFO - Checking dependencies...
2026-05-26 11:14:48 - __main__ - DEBUG - Required packages: {'PyQt5': 'PyQt5', 'tqdm': 'tqdm'}
2026-05-26 11:14:48 - speech_to_text.core.dependencies - INFO - Checking 2 required packages...
2026-05-26 11:14:48 - speech_to_text.core.dependencies - DEBUG - ✓ Package available: PyQt5
2026-05-26 11:14:48 - speech_to_text.core.dependencies - DEBUG - ✓ Package available: tqdm
2026-05-26 11:14:48 - speech_to_text.core.dependencies - INFO - All required packages are available
2026-05-26 11:14:48 - __main__ - INFO - ✓ All dependencies available
2026-05-26 11:14:48 - __main__ - INFO - Initializing GUI...
2026-05-26 11:14:49 - __main__ - DEBUG - PyQt5 imports successful
2026-05-26 11:14:49 - __main__ - DEBUG - Creating QApplication...
2026-05-26 11:14:49 - __main__ - DEBUG - QApplication created successfully
2026-05-26 11:14:49 - __main__ - DEBUG - Creating MainWindow...
2026-05-26 11:14:49 - speech_to_text.gui.main_window - INFO - Initializing MainWindow...
2026-05-26 11:14:49 - speech_to_text.hardware_detection - DEBUG - Initializing HardwareDetector...
2026-05-26 11:14:49 - speech_to_text.hardware_detection - DEBUG - Detected: 4 CPU cores, 15.74 GB RAM
2026-05-26 11:14:49 - speech_to_text.hardware_detection - DEBUG - No GPU found: FileNotFoundError
2026-05-26 11:14:49 - speech_to_text.hardware_detection - INFO - Hardware: OS=Windows, GPU=No
2026-05-26 11:14:49 - speech_to_text.hardware_detection - DEBUG - Time estimation: Model: Tiny • Device: 4 CPU cores • Audio: 0.0m → ~20s
2026-05-26 11:14:49 - speech_to_text.hardware_detection - DEBUG - Time estimation: Model: Base • Device: 4 CPU cores • Audio: 0.0m → ~20s
2026-05-26 11:14:49 - speech_to_text.hardware_detection - DEBUG - Time estimation: Model: Small • Device: 4 CPU cores • Audio: 0.0m → ~20s
2026-05-26 11:14:49 - speech_to_text.hardware_detection - DEBUG - Time estimation: Model: Medium • Device: 4 CPU cores • Audio: 0.0m → ~20s
2026-05-26 11:14:49 - speech_to_text.hardware_detection - DEBUG - Time estimation: Model: Large • Device: 4 CPU cores • Audio: 0.0m → ~20s
2026-05-26 11:18:45 - __main__ - INFO - ======================================================================
2026-05-26 11:18:45 - __main__ - INFO - Starting Speech-to-Text Transcriber v2.0.0
2026-05-26 11:18:45 - __main__ - INFO - Python 3.11.0
2026-05-26 11:18:45 - __main__ - INFO - Platform: win32
2026-05-26 11:18:45 - __main__ - INFO - ======================================================================
2026-05-26 11:18:45 - __main__ - INFO - Checking dependencies...
2026-05-26 11:18:45 - __main__ - DEBUG - Required packages: {'PyQt5': 'PyQt5', 'tqdm': 'tqdm'}
2026-05-26 11:18:45 - speech_to_text.core.dependencies - INFO - Checking 2 required packages...
2026-05-26 11:18:45 - speech_to_text.core.dependencies - DEBUG - ✓ Package available: PyQt5
2026-05-26 11:18:46 - speech_to_text.core.dependencies - DEBUG - ✓ Package available: tqdm
2026-05-26 11:18:46 - speech_to_text.core.dependencies - INFO - All required packages are available
2026-05-26 11:18:46 - __main__ - INFO - ✓ All dependencies available
2026-05-26 11:18:46 - __main__ - INFO - Initializing GUI...
2026-05-26 11:18:46 - __main__ - DEBUG - PyQt5 imports successful
2026-05-26 11:18:46 - __main__ - DEBUG - Creating QApplication...
2026-05-26 11:18:47 - __main__ - DEBUG - QApplication created successfully
2026-05-26 11:18:47 - __main__ - DEBUG - Creating MainWindow...
2026-05-26 11:18:47 - speech_to_text.gui.main_window - INFO - Initializing MainWindow...
2026-05-26 11:18:47 - speech_to_text.hardware_detection - DEBUG - Initializing HardwareDetector...
2026-05-26 11:18:47 - speech_to_text.hardware_detection - DEBUG - Detected: 4 CPU cores, 15.74 GB RAM
2026-05-26 11:18:47 - speech_to_text.hardware_detection - DEBUG - No GPU found: FileNotFoundError
2026-05-26 11:18:47 - speech_to_text.hardware_detection - INFO - Hardware: OS=Windows, GPU=No
2026-05-26 11:18:47 - speech_to_text.hardware_detection - DEBUG - Time estimation: Model: Tiny • Device: 4 CPU cores • Audio: 0.0m → ~20s
2026-05-26 11:18:47 - speech_to_text.hardware_detection - DEBUG - Time estimation: Model: Base • Device: 4 CPU cores • Audio: 0.0m → ~20s
2026-05-26 11:18:47 - speech_to_text.hardware_detection - DEBUG - Time estimation: Model: Small • Device: 4 CPU cores • Audio: 0.0m → ~20s
2026-05-26 11:18:47 - speech_to_text.hardware_detection - DEBUG - Time estimation: Model: Medium • Device: 4 CPU cores • Audio: 0.0m → ~20s
2026-05-26 11:18:47 - speech_to_text.hardware_detection - DEBUG - Time estimation: Model: Large • Device: 4 CPU cores • Audio: 0.0m → ~20s
2026-05-26 11:18:53 - speech_to_text.gui.main_window - DEBUG - Window centered at (710, 300)
2026-05-26 11:18:53 - speech_to_text.gui.main_window - INFO - ✓ MainWindow ready
2026-05-26 11:18:53 - __main__ - DEBUG - MainWindow instance created
2026-05-26 11:18:53 - __main__ - INFO - Displaying main window...
2026-05-26 11:18:53 - __main__ - INFO - Application ready. Entering event loop.
2026-05-26 11:20:47 - __main__ - INFO - Application event loop exited with code: 0
2026-05-26 11:20:47 - __main__ - DEBUG - Application shutdown sequence completed
2026-05-26 12:03:24 - __main__ - INFO - ======================================================================
2026-05-26 12:03:24 - __main__ - INFO - Starting Speech-to-Text Transcriber v2.0.0
2026-05-26 12:03:24 - __main__ - INFO - Python 3.11.0
2026-05-26 12:03:24 - __main__ - INFO - Platform: win32
2026-05-26 12:03:24 - __main__ - INFO - ======================================================================
2026-05-26 12:03:24 - __main__ - INFO - Checking dependencies...
2026-05-26 12:03:24 - __main__ - DEBUG - Required packages: {'PyQt5': 'PyQt5', 'tqdm': 'tqdm'}
2026-05-26 12:03:24 - speech_to_text.core.dependencies - INFO - Checking 2 required packages...
2026-05-26 12:03:24 - speech_to_text.core.dependencies - DEBUG - ✓ Package available: PyQt5
2026-05-26 12:03:24 - speech_to_text.core.dependencies - DEBUG - ✓ Package available: tqdm
2026-05-26 12:03:24 - speech_to_text.core.dependencies - INFO - All required packages are available
2026-05-26 12:03:24 - __main__ - INFO - ✓ All dependencies available
2026-05-26 12:03:24 - __main__ - INFO - Initializing GUI...
2026-05-26 12:03:24 - __main__ - DEBUG - PyQt5 imports successful
2026-05-26 12:03:24 - __main__ - DEBUG - Creating QApplication...
2026-05-26 12:03:24 - __main__ - DEBUG - QApplication created successfully
2026-05-26 12:03:24 - __main__ - DEBUG - Creating MainWindow...
2026-05-26 12:03:24 - speech_to_text.gui.main_window - INFO - Initializing MainWindow...
2026-05-26 12:03:24 - speech_to_text.hardware_detection - DEBUG - Initializing HardwareDetector...
2026-05-26 12:03:24 - speech_to_text.hardware_detection - DEBUG - Detected: 4 CPU cores, 15.74 GB RAM
2026-05-26 12:03:24 - speech_to_text.hardware_detection - DEBUG - No GPU found: FileNotFoundError
2026-05-26 12:03:24 - speech_to_text.hardware_detection - INFO - Hardware: OS=Windows, GPU=No
2026-05-26 12:03:24 - speech_to_text.hardware_detection - DEBUG - Time estimation: Model: Tiny • Device: 4 CPU cores • Audio: 0.0m → ~20s
2026-05-26 12:03:24 - speech_to_text.hardware_detection - DEBUG - Time estimation: Model: Base • Device: 4 CPU cores • Audio: 0.0m → ~20s
2026-05-26 12:03:24 - speech_to_text.hardware_detection - DEBUG - Time estimation: Model: Small • Device: 4 CPU cores • Audio: 0.0m → ~20s
2026-05-26 12:03:24 - speech_to_text.hardware_detection - DEBUG - Time estimation: Model: Medium • Device: 4 CPU cores • Audio: 0.0m → ~20s
2026-05-26 12:03:24 - speech_to_text.hardware_detection - DEBUG - Time estimation: Model: Large • Device: 4 CPU cores • Audio: 0.0m → ~20s
2026-05-26 12:03:25 - speech_to_text.gui.main_window - DEBUG - Window centered at (710, 300)
2026-05-26 12:03:25 - speech_to_text.gui.main_window - INFO - ✓ MainWindow ready
2026-05-26 12:03:25 - __main__ - DEBUG - MainWindow instance created
2026-05-26 12:03:25 - __main__ - INFO - Displaying main window...
2026-05-26 12:03:25 - __main__ - INFO - Application ready. Entering event loop.
2026-05-26 12:03:31 - __main__ - INFO - Application event loop exited with code: 0
2026-05-26 12:03:31 - __main__ - DEBUG - Application shutdown sequence completed
2026-05-26 12:03:40 - __main__ - INFO - ======================================================================
2026-05-26 12:03:40 - __main__ - INFO - Starting Speech-to-Text Transcriber v2.0.0
2026-05-26 12:03:40 - __main__ - INFO - Python 3.11.0
2026-05-26 12:03:40 - __main__ - INFO - Platform: win32
2026-05-26 12:03:40 - __main__ - INFO - ======================================================================
2026-05-26 12:03:40 - __main__ - INFO - Checking dependencies...
2026-05-26 12:03:40 - __main__ - DEBUG - Required packages: {'PyQt5': 'PyQt5', 'tqdm': 'tqdm'}
2026-05-26 12:03:40 - speech_to_text.core.dependencies - INFO - Checking 2 required packages...
2026-05-26 12:03:40 - speech_to_text.core.dependencies - DEBUG - ✓ Package available: PyQt5
2026-05-26 12:03:40 - speech_to_text.core.dependencies - DEBUG - ✓ Package available: tqdm
2026-05-26 12:03:40 - speech_to_text.core.dependencies - INFO - All required packages are available
2026-05-26 12:03:40 - __main__ - INFO - ✓ All dependencies available
2026-05-26 12:03:40 - __main__ - INFO - Initializing GUI...
2026-05-26 12:03:40 - __main__ - DEBUG - PyQt5 imports successful
2026-05-26 12:03:40 - __main__ - DEBUG - Creating QApplication...
2026-05-26 12:03:41 - __main__ - DEBUG - QApplication created successfully
2026-05-26 12:03:41 - __main__ - DEBUG - Creating MainWindow...
2026-05-26 12:03:41 - speech_to_text.gui.main_window - INFO - Initializing MainWindow...
2026-05-26 12:03:41 - speech_to_text.hardware_detection - DEBUG - Initializing HardwareDetector...
2026-05-26 12:03:41 - speech_to_text.hardware_detection - DEBUG - Detected: 4 CPU cores, 15.74 GB RAM
2026-05-26 12:03:41 - speech_to_text.hardware_detection - DEBUG - No GPU found: FileNotFoundError
2026-05-26 12:03:41 - speech_to_text.hardware_detection - INFO - Hardware: OS=Windows, GPU=No
2026-05-26 12:03:41 - speech_to_text.hardware_detection - DEBUG - Time estimation: Model: Tiny • Device: 4 CPU cores • Audio: 0.0m → ~20s
2026-05-26 12:03:41 - speech_to_text.hardware_detection - DEBUG - Time estimation: Model: Base • Device: 4 CPU cores • Audio: 0.0m → ~20s
2026-05-26 12:03:41 - speech_to_text.hardware_detection - DEBUG - Time estimation: Model: Small • Device: 4 CPU cores • Audio: 0.0m → ~20s
2026-05-26 12:03:41 - speech_to_text.hardware_detection - DEBUG - Time estimation: Model: Medium • Device: 4 CPU cores • Audio: 0.0m → ~20s
2026-05-26 12:03:41 - speech_to_text.hardware_detection - DEBUG - Time estimation: Model: Large • Device: 4 CPU cores • Audio: 0.0m → ~20s
2026-05-26 12:03:41 - speech_to_text.gui.main_window - DEBUG - Window centered at (710, 300)
2026-05-26 12:03:41 - speech_to_text.gui.main_window - INFO - ✓ MainWindow ready
2026-05-26 12:03:41 - __main__ - DEBUG - MainWindow instance created
2026-05-26 12:03:41 - __main__ - INFO - Displaying main window...
2026-05-26 12:03:41 - __main__ - INFO - Application ready. Entering event loop.
2026-05-26 12:04:01 - __main__ - INFO - Application event loop exited with code: 0
2026-05-26 12:04:01 - __main__ - DEBUG - Application shutdown sequence completed
2026-05-26 12:08:11 - __main__ - INFO - ======================================================================
2026-05-26 12:08:11 - __main__ - INFO - Starting Speech-to-Text Transcriber v2.0.0
2026-05-26 12:08:11 - __main__ - INFO - Python 3.11.0
2026-05-26 12:08:11 - __main__ - INFO - Platform: win32
2026-05-26 12:08:11 - __main__ - INFO - ======================================================================
2026-05-26 12:08:11 - __main__ - INFO - Checking dependencies...
2026-05-26 12:08:11 - __main__ - DEBUG - Required packages: {'PyQt5': 'PyQt5', 'tqdm': 'tqdm'}
2026-05-26 12:08:11 - speech_to_text.core.dependencies - INFO - Checking 2 required packages...
2026-05-26 12:08:11 - speech_to_text.core.dependencies - DEBUG - ✓ Package available: PyQt5
2026-05-26 12:08:11 - speech_to_text.core.dependencies - DEBUG - ✓ Package available: tqdm
2026-05-26 12:08:11 - speech_to_text.core.dependencies - INFO - All required packages are available
2026-05-26 12:08:11 - __main__ - INFO - ✓ All dependencies available
2026-05-26 12:08:11 - __main__ - INFO - Initializing GUI...
2026-05-26 12:08:12 - __main__ - DEBUG - PyQt5 imports successful
2026-05-26 12:08:12 - __main__ - DEBUG - Creating QApplication...
2026-05-26 12:08:12 - __main__ - DEBUG - QApplication created successfully
2026-05-26 12:08:12 - __main__ - DEBUG - Creating MainWindow...
2026-05-26 12:08:12 - speech_to_text.gui.main_window - INFO - Initializing MainWindow...
2026-05-26 12:08:12 - speech_to_text.hardware_detection - DEBUG - Initializing HardwareDetector...
2026-05-26 12:08:12 - speech_to_text.hardware_detection - DEBUG - Detected: 4 CPU cores, 15.74 GB RAM
2026-05-26 12:08:12 - speech_to_text.hardware_detection - DEBUG - No GPU found: FileNotFoundError
2026-05-26 12:08:12 - speech_to_text.hardware_detection - INFO - Hardware: OS=Windows, GPU=No
2026-05-26 12:08:12 - speech_to_text.hardware_detection - DEBUG - Time estimation: Model: Tiny • Device: 4 CPU cores • Audio: 0.0m → ~20s
2026-05-26 12:08:12 - speech_to_text.hardware_detection - DEBUG - Time estimation: Model: Base • Device: 4 CPU cores • Audio: 0.0m → ~20s
2026-05-26 12:08:12 - speech_to_text.hardware_detection - DEBUG - Time estimation: Model: Small • Device: 4 CPU cores • Audio: 0.0m → ~20s
2026-05-26 12:08:12 - speech_to_text.hardware_detection - DEBUG - Time estimation: Model: Medium • Device: 4 CPU cores • Audio: 0.0m → ~20s
2026-05-26 12:08:12 - speech_to_text.hardware_detection - DEBUG - Time estimation: Model: Large • Device: 4 CPU cores • Audio: 0.0m → ~20s
2026-05-26 12:08:14 - speech_to_text.gui.main_window - DEBUG - Window centered at (635, 240)
2026-05-26 12:08:14 - speech_to_text.gui.main_window - INFO - ✓ MainWindow ready
2026-05-26 12:08:14 - __main__ - DEBUG - MainWindow instance created
2026-05-26 12:08:14 - __main__ - INFO - Displaying main window...
2026-05-26 12:08:14 - __main__ - INFO - Application ready. Entering event loop.
2026-05-26 12:09:47 - __main__ - INFO - ======================================================================
2026-05-26 12:09:47 - __main__ - INFO - Starting Speech-to-Text Transcriber v2.0.0
2026-05-26 12:09:47 - __main__ - INFO - Python 3.11.0
2026-05-26 12:09:47 - __main__ - INFO - Platform: win32
2026-05-26 12:09:47 - __main__ - INFO - ======================================================================
2026-05-26 12:09:47 - __main__ - INFO - Checking dependencies...
2026-05-26 12:09:47 - __main__ - DEBUG - Required packages: {'PyQt5': 'PyQt5', 'tqdm': 'tqdm'}
2026-05-26 12:09:47 - speech_to_text.core.dependencies - INFO - Checking 2 required packages...
2026-05-26 12:09:47 - speech_to_text.core.dependencies - DEBUG - ✓ Package available: PyQt5
2026-05-26 12:09:48 - speech_to_text.core.dependencies - DEBUG - ✓ Package available: tqdm
2026-05-26 12:09:48 - speech_to_text.core.dependencies - INFO - All required packages are available
2026-05-26 12:09:48 - __main__ - INFO - ✓ All dependencies available
2026-05-26 12:09:48 - __main__ - INFO - Initializing GUI...
2026-05-26 12:09:48 - __main__ - DEBUG - PyQt5 imports successful
2026-05-26 12:09:48 - __main__ - DEBUG - Creating QApplication...
2026-05-26 12:09:48 - __main__ - DEBUG - QApplication created successfully
2026-05-26 12:09:48 - __main__ - DEBUG - Creating MainWindow...
2026-05-26 12:09:48 - speech_to_text.gui.main_window - INFO - Initializing MainWindow...
2026-05-26 12:09:48 - speech_to_text.hardware_detection - DEBUG - Initializing HardwareDetector...
2026-05-26 12:09:48 - speech_to_text.hardware_detection - DEBUG - Detected: 4 CPU cores, 15.74 GB RAM
2026-05-26 12:09:48 - speech_to_text.hardware_detection - DEBUG - No GPU found: FileNotFoundError
2026-05-26 12:09:48 - speech_to_text.hardware_detection - INFO - Hardware: OS=Windows, GPU=No
2026-05-26 12:09:48 - speech_to_text.hardware_detection - DEBUG - Time estimation: Model: Tiny • Device: 4 CPU cores • Audio: 0.0m → ~20s
2026-05-26 12:09:48 - speech_to_text.hardware_detection - DEBUG - Time estimation: Model: Base • Device: 4 CPU cores • Audio: 0.0m → ~20s
2026-05-26 12:09:48 - speech_to_text.hardware_detection - DEBUG - Time estimation: Model: Small • Device: 4 CPU cores • Audio: 0.0m → ~20s
2026-05-26 12:09:48 - speech_to_text.hardware_detection - DEBUG - Time estimation: Model: Medium • Device: 4 CPU cores • Audio: 0.0m → ~20s
2026-05-26 12:09:48 - speech_to_text.hardware_detection - DEBUG - Time estimation: Model: Large • Device: 4 CPU cores • Audio: 0.0m → ~20s
2026-05-26 12:09:49 - speech_to_text.gui.main_window - DEBUG - Window centered at (635, 240)
2026-05-26 12:09:49 - speech_to_text.gui.main_window - INFO - ✓ MainWindow ready
2026-05-26 12:09:49 - __main__ - DEBUG - MainWindow instance created
2026-05-26 12:09:49 - __main__ - INFO - Displaying main window...
2026-05-26 12:09:49 - __main__ - INFO - Application ready. Entering event loop.
2026-05-26 12:10:11 - __main__ - INFO - Application event loop exited with code: 0
2026-05-26 12:10:11 - __main__ - DEBUG - Application shutdown sequence completed
